app/build/outputs/logs/manifest-merger-debug-report.txt
-- Merging decision tree log ---
manifest
ADDED from src\main\AndroidManifest.xml:2:1-43:12
	package
		ADDED from src\main\AndroidManifest.xml:3:5-41
		INJECTED from src\main\AndroidManifest.xml
		INJECTED from src\main\AndroidManifest.xml
	android:versionName
		ADDED from src\main\AndroidManifest.xml:5:5-30
		INJECTED from src\main\AndroidManifest.xml
		INJECTED from src\main\AndroidManifest.xml
	android:versionCode
		ADDED from src\main\AndroidManifest.xml:4:5-28
		INJECTED from src\main\AndroidManifest.xml
		INJECTED from src\main\AndroidManifest.xml
	xmlns:android
		ADDED from src\main\AndroidManifest.xml:2:11-69
uses-sdk
ADDED from src\main\AndroidManifest.xml:7:5-9:41
MERGED from [com.android.support:appcompat-v7:19.1.0] AndroidManifest.xml:18:5-42
	android:targetSdkVersion
		ADDED from src\main\AndroidManifest.xml:9:9-38
		INJECTED from src\main\AndroidManifest.xml
		INJECTED from src\main\AndroidManifest.xml
	android:minSdkVersion
		ADDED from src\main\AndroidManifest.xml:8:9-34
		INJECTED from src\main\AndroidManifest.xml
		INJECTED from src\main\AndroidManifest.xml
application
ADDED from src\main\AndroidManifest.xml:11:5-41:19
MERGED from [com.android.support:appcompat-v7:19.1.0] AndroidManifest.xml:19:5-20
	android:label
		ADDED from src\main\AndroidManifest.xml:14:9-41
	android:allowBackup
		ADDED from src\main\AndroidManifest.xml:12:9-35
	android:icon
		ADDED from src\main\AndroidManifest.xml:13:9-45
	android:theme
		ADDED from src\main\AndroidManifest.xml:15:9-40
activity#com.example.taskmanagement.TasksActivity
ADDED from src\main\AndroidManifest.xml:16:9-24:20
	android:label
		ADDED from src\main\AndroidManifest.xml:18:13-45
	android:name
		ADDED from src\main\AndroidManifest.xml:17:13-42
intent-filter#android.intent.action.MAIN+android.intent.category.LAUNCHER
ADDED from src\main\AndroidManifest.xml:19:13-23:29
action#android.intent.action.MAIN
ADDED from src\main\AndroidManifest.xml:20:17-69
	android:name
		ADDED from src\main\AndroidManifest.xml:20:25-66
category#android.intent.category.LAUNCHER
ADDED from src\main\AndroidManifest.xml:22:17-77
	android:name
		ADDED from src\main\AndroidManifest.xml:22:27-74
activity#com.example.taskmanagement.AddTaskActivity
ADDED from src\main\AndroidManifest.xml:25:9-28:20
	android:label
		ADDED from src\main\AndroidManifest.xml:27:13-60
	android:name
		ADDED from src\main\AndroidManifest.xml:26:13-44
activity#com.example.taskmanagement.ViewTaskActivity
ADDED from src\main\AndroidManifest.xml:29:9-36:20
	android:label
		ADDED from src\main\AndroidManifest.xml:31:13-61
	android:parentActivityName
		ADDED from src\main\AndroidManifest.xml:32:13-55
	android:name
		ADDED from src\main\AndroidManifest.xml:30:13-45
meta-data#android.support.PARENT_ACTIVITY
ADDED from src\main\AndroidManifest.xml:33:13-35:75
	android:value
		ADDED from src\main\AndroidManifest.xml:35:17-72
	android:name
		ADDED from src\main\AndroidManifest.xml:34:17-63
activity#com.example.taskmanagement.MainActivity
ADDED from src\main\AndroidManifest.xml:37:9-40:20
	android:label
		ADDED from src\main\AndroidManifest.xml:39:13-57
	android:name
		ADDED from src\main\AndroidManifest.xml:38:13-41